C:\USERS\Администратор\DESKTOP\Программы\PROGRAMING\[C] COEDS\ENGINE HACK BASE\ENGINE HACK BASE\RELEASE\SOCKET.OBJ
C:\USERS\Администратор\DESKTOP\Программы\PROGRAMING\[C] COEDS\ENGINE HACK BASE\ENGINE HACK BASE\RELEASE\JSON_WRITER.OBJ
C:\USERS\Администратор\DESKTOP\Программы\PROGRAMING\[C] COEDS\ENGINE HACK BASE\ENGINE HACK BASE\RELEASE\JSON_VALUE.OBJ
C:\USERS\Администратор\DESKTOP\Программы\PROGRAMING\[C] COEDS\ENGINE HACK BASE\ENGINE HACK BASE\RELEASE\JSON_READER.OBJ
C:\USERS\Администратор\DESKTOP\Программы\PROGRAMING\[C] COEDS\ENGINE HACK BASE\ENGINE HACK BASE\RELEASE\OPENGL.OBJ
C:\USERS\Администратор\DESKTOP\Программы\PROGRAMING\[C] COEDS\ENGINE HACK BASE\ENGINE HACK BASE\RELEASE\OFFSETSCAN.OBJ
C:\USERS\Администратор\DESKTOP\Программы\PROGRAMING\[C] COEDS\ENGINE HACK BASE\ENGINE HACK BASE\RELEASE\WEAPONSLIST.OBJ
C:\USERS\Администратор\DESKTOP\Программы\PROGRAMING\[C] COEDS\ENGINE HACK BASE\ENGINE HACK BASE\RELEASE\NOSPREAD.OBJ
C:\USERS\Администратор\DESKTOP\Программы\PROGRAMING\[C] COEDS\ENGINE HACK BASE\ENGINE HACK BASE\RELEASE\MODULESECURITY.OBJ
C:\USERS\Администратор\DESKTOP\Программы\PROGRAMING\[C] COEDS\ENGINE HACK BASE\ENGINE HACK BASE\RELEASE\MEMORYSCAN.OBJ
C:\USERS\Администратор\DESKTOP\Программы\PROGRAMING\[C] COEDS\ENGINE HACK BASE\ENGINE HACK BASE\RELEASE\DRAWING.OBJ
C:\USERS\Администратор\DESKTOP\Программы\PROGRAMING\[C] COEDS\ENGINE HACK BASE\ENGINE HACK BASE\RELEASE\CVARS.OBJ
C:\USERS\Администратор\DESKTOP\Программы\PROGRAMING\[C] COEDS\ENGINE HACK BASE\ENGINE HACK BASE\RELEASE\CONSOLE.OBJ
C:\USERS\Администратор\DESKTOP\Программы\PROGRAMING\[C] COEDS\ENGINE HACK BASE\ENGINE HACK BASE\RELEASE\CONFUNCS.OBJ
C:\USERS\Администратор\DESKTOP\Программы\PROGRAMING\[C] COEDS\ENGINE HACK BASE\ENGINE HACK BASE\RELEASE\CLIENTDLL.OBJ
C:\USERS\Администратор\DESKTOP\Программы\PROGRAMING\[C] COEDS\ENGINE HACK BASE\ENGINE HACK BASE\RELEASE\TABLEFONT.OBJ
C:\USERS\Администратор\DESKTOP\Программы\PROGRAMING\[C] COEDS\ENGINE HACK BASE\ENGINE HACK BASE\RELEASE\FONT.OBJ
C:\USERS\Администратор\DESKTOP\Программы\PROGRAMING\[C] COEDS\ENGINE HACK BASE\ENGINE HACK BASE\RELEASE\COLORS.OBJ
C:\USERS\Администратор\DESKTOP\Программы\PROGRAMING\[C] COEDS\ENGINE HACK BASE\ENGINE HACK BASE\RELEASE\CFONT.OBJ
C:\USERS\Администратор\DESKTOP\Программы\PROGRAMING\[C] COEDS\ENGINE HACK BASE\ENGINE HACK BASE\RELEASE\WAYS.OBJ
C:\USERS\Администратор\DESKTOP\Программы\PROGRAMING\[C] COEDS\ENGINE HACK BASE\ENGINE HACK BASE\RELEASE\PARSEMSG.OBJ
C:\USERS\Администратор\DESKTOP\Программы\PROGRAMING\[C] COEDS\ENGINE HACK BASE\ENGINE HACK BASE\RELEASE\USERMSGS.OBJ
C:\USERS\АДМИНИСТРАТОР\DESKTOP\ПРОГРАММЫ\PROGRAMING\[C] COEDS\ENGINE HACK BASE\ENGINE HACK BASE\RELEASE\CFONT.OBJ
C:\USERS\АДМИНИСТРАТОР\DESKTOP\ПРОГРАММЫ\PROGRAMING\[C] COEDS\ENGINE HACK BASE\ENGINE HACK BASE\RELEASE\COLORS.OBJ
C:\USERS\АДМИНИСТРАТОР\DESKTOP\ПРОГРАММЫ\PROGRAMING\[C] COEDS\ENGINE HACK BASE\ENGINE HACK BASE\RELEASE\FONT.OBJ
C:\USERS\АДМИНИСТРАТОР\DESKTOP\ПРОГРАММЫ\PROGRAMING\[C] COEDS\ENGINE HACK BASE\ENGINE HACK BASE\RELEASE\TABLEFONT.OBJ
C:\USERS\АДМИНИСТРАТОР\DESKTOP\ПРОГРАММЫ\PROGRAMING\[C] COEDS\ENGINE HACK BASE\ENGINE HACK BASE\RELEASE\CLIENTDLL.OBJ
C:\USERS\АДМИНИСТРАТОР\DESKTOP\ПРОГРАММЫ\PROGRAMING\[C] COEDS\ENGINE HACK BASE\ENGINE HACK BASE\RELEASE\CONFUNCS.OBJ
C:\USERS\АДМИНИСТРАТОР\DESKTOP\ПРОГРАММЫ\PROGRAMING\[C] COEDS\ENGINE HACK BASE\ENGINE HACK BASE\RELEASE\CONSOLE.OBJ
C:\USERS\АДМИНИСТРАТОР\DESKTOP\ПРОГРАММЫ\PROGRAMING\[C] COEDS\ENGINE HACK BASE\ENGINE HACK BASE\RELEASE\CVARS.OBJ
C:\USERS\АДМИНИСТРАТОР\DESKTOP\ПРОГРАММЫ\PROGRAMING\[C] COEDS\ENGINE HACK BASE\ENGINE HACK BASE\RELEASE\DRAWING.OBJ
C:\USERS\АДМИНИСТРАТОР\DESKTOP\ПРОГРАММЫ\PROGRAMING\[C] COEDS\ENGINE HACK BASE\ENGINE HACK BASE\RELEASE\MEMORYSCAN.OBJ
C:\USERS\АДМИНИСТРАТОР\DESKTOP\ПРОГРАММЫ\PROGRAMING\[C] COEDS\ENGINE HACK BASE\ENGINE HACK BASE\RELEASE\MODULESECURITY.OBJ
C:\USERS\АДМИНИСТРАТОР\DESKTOP\ПРОГРАММЫ\PROGRAMING\[C] COEDS\ENGINE HACK BASE\ENGINE HACK BASE\RELEASE\NOSPREAD.OBJ
C:\USERS\АДМИНИСТРАТОР\DESKTOP\ПРОГРАММЫ\PROGRAMING\[C] COEDS\ENGINE HACK BASE\ENGINE HACK BASE\RELEASE\WEAPONSLIST.OBJ
C:\USERS\АДМИНИСТРАТОР\DESKTOP\ПРОГРАММЫ\PROGRAMING\[C] COEDS\ENGINE HACK BASE\ENGINE HACK BASE\RELEASE\OFFSETSCAN.OBJ
C:\USERS\АДМИНИСТРАТОР\DESKTOP\ПРОГРАММЫ\PROGRAMING\[C] COEDS\ENGINE HACK BASE\ENGINE HACK BASE\RELEASE\OPENGL.OBJ
C:\USERS\АДМИНИСТРАТОР\DESKTOP\ПРОГРАММЫ\PROGRAMING\[C] COEDS\ENGINE HACK BASE\ENGINE HACK BASE\RELEASE\JSON_READER.OBJ
C:\USERS\АДМИНИСТРАТОР\DESKTOP\ПРОГРАММЫ\PROGRAMING\[C] COEDS\ENGINE HACK BASE\ENGINE HACK BASE\RELEASE\JSON_VALUE.OBJ
C:\USERS\АДМИНИСТРАТОР\DESKTOP\ПРОГРАММЫ\PROGRAMING\[C] COEDS\ENGINE HACK BASE\ENGINE HACK BASE\RELEASE\JSON_WRITER.OBJ
C:\USERS\АДМИНИСТРАТОР\DESKTOP\ПРОГРАММЫ\PROGRAMING\[C] COEDS\ENGINE HACK BASE\ENGINE HACK BASE\RELEASE\SOCKET.OBJ
C:\USERS\АДМИНИСТРАТОР\DESKTOP\ПРОГРАММЫ\PROGRAMING\[C] COEDS\ENGINE HACK BASE\ENGINE HACK BASE\RELEASE\USERMSGS.OBJ
C:\USERS\АДМИНИСТРАТОР\DESKTOP\ПРОГРАММЫ\PROGRAMING\[C] COEDS\ENGINE HACK BASE\ENGINE HACK BASE\RELEASE\PARSEMSG.OBJ
C:\USERS\АДМИНИСТРАТОР\DESKTOP\ПРОГРАММЫ\PROGRAMING\[C] COEDS\ENGINE HACK BASE\ENGINE HACK BASE\RELEASE\WAYS.OBJ
C:\Users\Администратор\Desktop\Программы\Programing\[C] COEDS\Engine Hack Base\Engine Hack Base\Release\cFont.obj
C:\Users\Администратор\Desktop\Программы\Programing\[C] COEDS\Engine Hack Base\Engine Hack Base\Release\ClientDll.obj
C:\Users\Администратор\Desktop\Программы\Programing\[C] COEDS\Engine Hack Base\Engine Hack Base\Release\colors.obj
C:\Users\Администратор\Desktop\Программы\Programing\[C] COEDS\Engine Hack Base\Engine Hack Base\Release\confuncs.obj
C:\Users\Администратор\Desktop\Программы\Programing\[C] COEDS\Engine Hack Base\Engine Hack Base\Release\console.obj
C:\Users\Администратор\Desktop\Программы\Programing\[C] COEDS\Engine Hack Base\Engine Hack Base\Release\cvars.obj
C:\Users\Администратор\Desktop\Программы\Programing\[C] COEDS\Engine Hack Base\Engine Hack Base\Release\Drawing.obj
C:\Users\Администратор\Desktop\Программы\Programing\[C] COEDS\Engine Hack Base\Engine Hack Base\Release\font.obj
C:\Users\Администратор\Desktop\Программы\Programing\[C] COEDS\Engine Hack Base\Engine Hack Base\Release\json_reader.obj
C:\Users\Администратор\Desktop\Программы\Programing\[C] COEDS\Engine Hack Base\Engine Hack Base\Release\json_value.obj
C:\Users\Администратор\Desktop\Программы\Programing\[C] COEDS\Engine Hack Base\Engine Hack Base\Release\json_writer.obj
C:\Users\Администратор\Desktop\Программы\Programing\[C] COEDS\Engine Hack Base\Engine Hack Base\Release\MemoryScan.obj
C:\Users\Администратор\Desktop\Программы\Programing\[C] COEDS\Engine Hack Base\Engine Hack Base\Release\ModuleSecurity.obj
C:\Users\Администратор\Desktop\Программы\Programing\[C] COEDS\Engine Hack Base\Engine Hack Base\Release\nospread.obj
C:\Users\Администратор\Desktop\Программы\Programing\[C] COEDS\Engine Hack Base\Engine Hack Base\Release\OffsetScan.obj
C:\Users\Администратор\Desktop\Программы\Programing\[C] COEDS\Engine Hack Base\Engine Hack Base\Release\opengl.obj
C:\Users\Администратор\Desktop\Программы\Programing\[C] COEDS\Engine Hack Base\Engine Hack Base\Release\parsemsg.obj
C:\Users\Администратор\Desktop\Программы\Programing\[C] COEDS\Engine Hack Base\Engine Hack Base\Release\socket.obj
C:\Users\Администратор\Desktop\Программы\Programing\[C] COEDS\Engine Hack Base\Engine Hack Base\Release\TableFont.obj
C:\Users\Администратор\Desktop\Программы\Programing\[C] COEDS\Engine Hack Base\Engine Hack Base\Release\UserMsgs.obj
C:\Users\Администратор\Desktop\Программы\Programing\[C] COEDS\Engine Hack Base\Engine Hack Base\Release\ways.obj
C:\Users\Администратор\Desktop\Программы\Programing\[C] COEDS\Engine Hack Base\Engine Hack Base\Release\weaponslist.obj
C:\Users\Администратор\Desktop\Программы\Programing\[C] COEDS\Engine Hack Base\Engine Hack Base\Release\cl.command.1.tlog
C:\Users\Администратор\Desktop\Программы\Programing\[C] COEDS\Engine Hack Base\Engine Hack Base\Release\CL.read.1.tlog
C:\Users\Администратор\Desktop\Программы\Programing\[C] COEDS\Engine Hack Base\Engine Hack Base\Release\CL.write.1.tlog
C:\Users\Администратор\Desktop\Программы\Programing\[C] COEDS\Engine Hack Base\Engine Hack Base\Release\vc110.pdb
