e:\coding\hlr leis release 10\minibase\release\vc140.pdb
e:\coding\hlr leis release 10\minibase\release\parsemsg.obj
e:\coding\hlr leis release 10\minibase\release\utils.obj
e:\coding\hlr leis release 10\minibase\release\usermsg.obj
e:\coding\hlr leis release 10\minibase\release\offset.obj
e:\coding\hlr leis release 10\minibase\release\main.obj
e:\coding\hlr leis release 10\minibase\release\_utils.obj
e:\coding\hlr leis release 10\minibase\release\_radar.obj
e:\coding\hlr leis release 10\minibase\release\_player.obj
e:\coding\hlr leis release 10\minibase\release\_opengl.obj
e:\coding\hlr leis release 10\minibase\release\_menu.obj
e:\coding\hlr leis release 10\minibase\release\_math.obj
e:\coding\hlr leis release 10\minibase\release\_esp.obj
e:\coding\hlr leis release 10\minibase\release\_cvar.obj
e:\coding\hlr leis release 10\minibase\release\_client.obj
e:\coding\hlr leis release 10\minibase\release\_cheat.obj
e:\coding\hlr leis release 10\minibase\release\_aimbot.obj
e:\coding\hlr leis release 10\minibase\release\font.obj
e:\coding\hlr leis release 10\minibase\release\enginemsg.obj
e:\coding\hlr leis release 10\minibase\release\drawing.obj
e:\coding\hlr leis release 10\minibase\release\client.obj
e:\coding\hlr leis release 11\minibase\release\vc140.pdb
e:\coding\hlr leis release 11\minibase\release\parsemsg.obj
e:\coding\hlr leis release 11\minibase\release\utils.obj
e:\coding\hlr leis release 11\minibase\release\usermsg.obj
e:\coding\hlr leis release 11\minibase\release\offset.obj
e:\coding\hlr leis release 11\minibase\release\main.obj
e:\coding\hlr leis release 11\minibase\release\_utils.obj
e:\coding\hlr leis release 11\minibase\release\_radar.obj
e:\coding\hlr leis release 11\minibase\release\_player.obj
e:\coding\hlr leis release 11\minibase\release\_opengl.obj
e:\coding\hlr leis release 11\minibase\release\_menu.obj
e:\coding\hlr leis release 11\minibase\release\_math.obj
e:\coding\hlr leis release 11\minibase\release\_esp.obj
e:\coding\hlr leis release 11\minibase\release\_cvar.obj
e:\coding\hlr leis release 11\minibase\release\_client.obj
e:\coding\hlr leis release 11\minibase\release\_cheat.obj
e:\coding\hlr leis release 11\minibase\release\_aimbot.obj
e:\coding\hlr leis release 11\minibase\release\font.obj
e:\coding\hlr leis release 11\minibase\release\enginemsg.obj
e:\coding\hlr leis release 11\minibase\release\drawing.obj
e:\coding\hlr leis release 11\minibase\release\client.obj
e:\coding\hlr leis release 10\release\minibase.dll
e:\coding\hlr leis release 10\release\minibase.ipdb
e:\coding\hlr leis release 10\release\minibase.iobj
e:\coding\hlr leis release 10\release\minibase.map
e:\coding\hlr leis release 10\release\minibase.pdb
e:\coding\hlr leis release 11\release\minibase.dll
e:\coding\hlr leis release 11\release\minibase.ipdb
e:\coding\hlr leis release 11\release\minibase.iobj
e:\coding\hlr leis release 11\release\minibase.map
e:\coding\hlr leis release 11\release\minibase.pdb
e:\coding\hlr leis release 11\minibase\release\minibase.tlog\cl.command.1.tlog
e:\coding\hlr leis release 11\minibase\release\minibase.tlog\cl.read.1.tlog
e:\coding\hlr leis release 11\minibase\release\minibase.tlog\cl.write.1.tlog
e:\coding\hlr leis release 11\minibase\release\minibase.tlog\link.command.1.tlog
e:\coding\hlr leis release 11\minibase\release\minibase.tlog\link.read.1.tlog
e:\coding\hlr leis release 11\minibase\release\minibase.tlog\link.write.1.tlog
