Сборка начата 07.09.2015 13:31:12.
     1>Проект "C:\Users\_or_75\Desktop\vermilion\vermilion\src\HackBaseMini\HackBaseMini.vcxproj" в узле 2 (целевые объекты Build).
     1>ClCompile:
         E:\Program Files\Microsoft Visual Studio 14.0\VC\bin\CL.exe /c /Zi /nologo /W3 /WX- /O2 /Ot /Oy- /GL /D WIN32 /D NDEBUG /D _WINDOWS /D _USRDLL /D LIBRARYTEMPLATE_EXPORTS /D _USING_V110_SDK71_ /D _WINDLL /D _MBCS /Gm- /EHsc /MT /GS- /Gy /arch:IA32 /fp:precise /Zc:wchar_t /Zc:forScope /Zc:inline /Fo"Release\\" /Fd"Release\vc140.pdb" /Gd /TP /analyze- /errorReport:prompt Client.cpp
         Client.cpp
       Link:
         E:\Program Files\Microsoft Visual Studio 14.0\VC\bin\link.exe /ERRORREPORT:PROMPT /OUT:"C:\Users\_or_75\Desktop\vermilion\vermilion\src\Release\HackBaseMini.dll" /INCREMENTAL:NO /NOLOGO kernel32.lib user32.lib gdi32.lib winspool.lib comdlg32.lib advapi32.lib shell32.lib ole32.lib oleaut32.lib uuid.lib odbc32.lib odbccp32.lib /MANIFEST:NO /PDB:"C:\Users\_or_75\Desktop\vermilion\vermilion\src\Release\HackBaseMini.pdb" /MAP /SUBSYSTEM:WINDOWS,"5.01" /OPT:REF /OPT:ICF /LTCG:incremental /TLBID:1 /DYNAMICBASE /FIXED:NO /NXCOMPAT /IMPLIB:"C:\Users\_or_75\Desktop\vermilion\vermilion\src\Release\HackBaseMini.lib" /MACHINE:X86 /SAFESEH:NO /DLL Release\cFont.obj
         Release\Client.obj
         Release\CvarUtils.obj
         Release\main.obj
         Release\nospread.obj
         Release\Offset.obj
         Release\UserMsgs.obj
         Release\Utils.obj
         Release\interface.obj
         Release\parsemsg.obj
         Release\weaponslist.obj
            Создается библиотека C:\Users\_or_75\Desktop\vermilion\vermilion\src\Release\HackBaseMini.lib и объект C:\Users\_or_75\Desktop\vermilion\vermilion\src\Release\HackBaseMini.exp
         Создание кода
         2 of 1052 functions ( 0.2%) were compiled, the rest were copied from previous compilation.
           0 functions were new in current compilation
           1 functions had inline decision re-evaluated but remain unchanged
         Создание кода завершено
         HackBaseMini.vcxproj -> C:\Users\_or_75\Desktop\vermilion\vermilion\src\Release\HackBaseMini.dll
     1>Сборка проекта "C:\Users\_or_75\Desktop\vermilion\vermilion\src\HackBaseMini\HackBaseMini.vcxproj" завершена (целевые объекты Build).

Сборка успешно завершена.

Затраченное время: 00:00:03.31
